[debug] [2026-04-28T02:26:49.061Z] ----------------------------------------------------------------------
[debug] [2026-04-28T02:26:49.064Z] Command:       /usr/local/nvm/versions/node/v24.14.1/bin/node /home/ankitpatel11411/.npm/_npx/7750544ccf494d8b/node_modules/.bin/firebase deploy --only hosting --project save-food-494614
[debug] [2026-04-28T02:26:49.066Z] CLI Version:   15.15.0
[debug] [2026-04-28T02:26:49.066Z] Platform:      linux
[debug] [2026-04-28T02:26:49.066Z] Node Version:  v24.14.1
[debug] [2026-04-28T02:26:49.067Z] Time:          Tue Apr 28 2026 02:26:49 GMT+0000 (Coordinated Universal Time)
[debug] [2026-04-28T02:26:49.067Z] ----------------------------------------------------------------------
[debug] 
[debug] [2026-04-28T02:26:50.371Z] > command requires scopes: ["email","openid","https://www.googleapis.com/auth/cloudplatformprojects.readonly","https://www.googleapis.com/auth/firebase","https://www.googleapis.com/auth/cloud-platform"]
[debug] [2026-04-28T02:26:50.402Z] Running auto auth
[debug] [2026-04-28T02:26:50.408Z] [iam] checking project save-food-494614 for permissions ["firebase.projects.get","firebasehosting.sites.update"]
[debug] [2026-04-28T02:26:50.409Z] No OAuth tokens found
[debug] [2026-04-28T02:26:50.411Z] >>> [apiv2][query] POST https://cloudresourcemanager.googleapis.com/v1/projects/save-food-494614:testIamPermissions [none]
[debug] [2026-04-28T02:26:50.411Z] >>> [apiv2][(partial)header] POST https://cloudresourcemanager.googleapis.com/v1/projects/save-food-494614:testIamPermissions  x-goog-user-project=save-food-494614
[debug] [2026-04-28T02:26:50.411Z] >>> [apiv2][body] POST https://cloudresourcemanager.googleapis.com/v1/projects/save-food-494614:testIamPermissions {"permissions":["firebase.projects.get","firebasehosting.sites.update"]}
[debug] [2026-04-28T02:26:51.503Z] <<< [apiv2][status] POST https://cloudresourcemanager.googleapis.com/v1/projects/save-food-494614:testIamPermissions 403
[debug] [2026-04-28T02:26:51.503Z] <<< [apiv2][body] POST https://cloudresourcemanager.googleapis.com/v1/projects/save-food-494614:testIamPermissions {"error":{"code":403,"message":"Cloud Resource Manager API has not been used in project save-food-494614 before or it is disabled. Enable it by visiting https://console.developers.google.com/apis/api/cloudresourcemanager.googleapis.com/overview?project=save-food-494614 then retry. If you enabled this API recently, wait a few minutes for the action to propagate to our systems and retry.","status":"PERMISSION_DENIED","details":[{"@type":"type.googleapis.com/google.rpc.ErrorInfo","reason":"SERVICE_DISABLED","domain":"googleapis.com","metadata":{"consumer":"projects/save-food-494614","containerInfo":"save-food-494614","serviceTitle":"Cloud Resource Manager API","activationUrl":"https://console.developers.google.com/apis/api/cloudresourcemanager.googleapis.com/overview?project=save-food-494614","service":"cloudresourcemanager.googleapis.com"}},{"@type":"type.googleapis.com/google.rpc.LocalizedMessage","locale":"en-US","message":"Cloud Resource Manager API has not been used in project save-food-494614 before or it is disabled. Enable it by visiting https://console.developers.google.com/apis/api/cloudresourcemanager.googleapis.com/overview?project=save-food-494614 then retry. If you enabled this API recently, wait a few minutes for the action to propagate to our systems and retry."},{"@type":"type.googleapis.com/google.rpc.Help","links":[{"description":"Google developers console API activation","url":"https://console.developers.google.com/apis/api/cloudresourcemanager.googleapis.com/overview?project=save-food-494614"}]}]}}
[debug] [2026-04-28T02:26:51.504Z] [iam] error while checking permissions, command may fail: Request to https://cloudresourcemanager.googleapis.com/v1/projects/save-food-494614:testIamPermissions had HTTP Error: 403, Cloud Resource Manager API has not been used in project save-food-494614 before or it is disabled. Enable it by visiting https://console.developers.google.com/apis/api/cloudresourcemanager.googleapis.com/overview?project=save-food-494614 then retry. If you enabled this API recently, wait a few minutes for the action to propagate to our systems and retry.
[debug] [2026-04-28T02:26:51.504Z] No OAuth tokens found
[debug] [2026-04-28T02:26:51.505Z] >>> [apiv2][query] GET https://firebase.googleapis.com/v1beta1/projects/save-food-494614 [none]
[debug] [2026-04-28T02:26:51.505Z] >>> [apiv2][(partial)header] GET https://firebase.googleapis.com/v1beta1/projects/save-food-494614  x-goog-user-project=save-food-494614
[debug] [2026-04-28T02:26:51.598Z] <<< [apiv2][status] GET https://firebase.googleapis.com/v1beta1/projects/save-food-494614 403
[debug] [2026-04-28T02:26:51.599Z] <<< [apiv2][body] GET https://firebase.googleapis.com/v1beta1/projects/save-food-494614 {"error":{"code":403,"message":"Firebase Management API has not been used in project save-food-494614 before or it is disabled. Enable it by visiting https://console.developers.google.com/apis/api/firebase.googleapis.com/overview?project=save-food-494614 then retry. If you enabled this API recently, wait a few minutes for the action to propagate to our systems and retry.","status":"PERMISSION_DENIED","details":[{"@type":"type.googleapis.com/google.rpc.ErrorInfo","reason":"SERVICE_DISABLED","domain":"googleapis.com","metadata":{"activationUrl":"https://console.developers.google.com/apis/api/firebase.googleapis.com/overview?project=save-food-494614","service":"firebase.googleapis.com","containerInfo":"save-food-494614","consumer":"projects/save-food-494614","serviceTitle":"Firebase Management API"}},{"@type":"type.googleapis.com/google.rpc.LocalizedMessage","locale":"en-US","message":"Firebase Management API has not been used in project save-food-494614 before or it is disabled. Enable it by visiting https://console.developers.google.com/apis/api/firebase.googleapis.com/overview?project=save-food-494614 then retry. If you enabled this API recently, wait a few minutes for the action to propagate to our systems and retry."},{"@type":"type.googleapis.com/google.rpc.Help","links":[{"description":"Google developers console API activation","url":"https://console.developers.google.com/apis/api/firebase.googleapis.com/overview?project=save-food-494614"}]}]}}
[debug] [2026-04-28T02:26:51.599Z] Request to https://firebase.googleapis.com/v1beta1/projects/save-food-494614 had HTTP Error: 403, Firebase Management API has not been used in project save-food-494614 before or it is disabled. Enable it by visiting https://console.developers.google.com/apis/api/firebase.googleapis.com/overview?project=save-food-494614 then retry. If you enabled this API recently, wait a few minutes for the action to propagate to our systems and retry.
[debug] [2026-04-28T02:26:51.614Z] FirebaseError: Request to https://firebase.googleapis.com/v1beta1/projects/save-food-494614 had HTTP Error: 403, Firebase Management API has not been used in project save-food-494614 before or it is disabled. Enable it by visiting https://console.developers.google.com/apis/api/firebase.googleapis.com/overview?project=save-food-494614 then retry. If you enabled this API recently, wait a few minutes for the action to propagate to our systems and retry.
    at responseToError (/home/ankitpatel11411/.npm/_npx/7750544ccf494d8b/node_modules/firebase-tools/lib/responseToError.js:53:12)
    at RetryOperation._fn (/home/ankitpatel11411/.npm/_npx/7750544ccf494d8b/node_modules/firebase-tools/lib/apiv2.js:333:77)
    at process.processTicksAndRejections (node:internal/process/task_queues:104:5)
[error] 
[error] Error: Failed to get Firebase project save-food-494614. Please make sure the project exists and your account has permission to access it.
[debug] [2026-04-28T02:29:41.177Z] ----------------------------------------------------------------------
[debug] [2026-04-28T02:29:41.181Z] Command:       /usr/local/nvm/versions/node/v24.14.1/bin/node /home/ankitpatel11411/.npm/_npx/7750544ccf494d8b/node_modules/.bin/firebase deploy --only hosting --project save-food-494614
[debug] [2026-04-28T02:29:41.182Z] CLI Version:   15.15.0
[debug] [2026-04-28T02:29:41.182Z] Platform:      linux
[debug] [2026-04-28T02:29:41.182Z] Node Version:  v24.14.1
[debug] [2026-04-28T02:29:41.182Z] Time:          Tue Apr 28 2026 02:29:41 GMT+0000 (Coordinated Universal Time)
[debug] [2026-04-28T02:29:41.183Z] ----------------------------------------------------------------------
[debug] 
[debug] [2026-04-28T02:29:42.407Z] > command requires scopes: ["email","openid","https://www.googleapis.com/auth/cloudplatformprojects.readonly","https://www.googleapis.com/auth/firebase","https://www.googleapis.com/auth/cloud-platform"]
[debug] [2026-04-28T02:29:42.439Z] Running auto auth
[debug] [2026-04-28T02:29:42.444Z] [iam] checking project save-food-494614 for permissions ["firebase.projects.get","firebasehosting.sites.update"]
[debug] [2026-04-28T02:29:42.445Z] No OAuth tokens found
[debug] [2026-04-28T02:29:42.447Z] >>> [apiv2][query] POST https://cloudresourcemanager.googleapis.com/v1/projects/save-food-494614:testIamPermissions [none]
[debug] [2026-04-28T02:29:42.447Z] >>> [apiv2][(partial)header] POST https://cloudresourcemanager.googleapis.com/v1/projects/save-food-494614:testIamPermissions  x-goog-user-project=save-food-494614
[debug] [2026-04-28T02:29:42.447Z] >>> [apiv2][body] POST https://cloudresourcemanager.googleapis.com/v1/projects/save-food-494614:testIamPermissions {"permissions":["firebase.projects.get","firebasehosting.sites.update"]}
[debug] [2026-04-28T02:29:43.557Z] <<< [apiv2][status] POST https://cloudresourcemanager.googleapis.com/v1/projects/save-food-494614:testIamPermissions 403
[debug] [2026-04-28T02:29:43.557Z] <<< [apiv2][body] POST https://cloudresourcemanager.googleapis.com/v1/projects/save-food-494614:testIamPermissions {"error":{"code":403,"message":"Cloud Resource Manager API has not been used in project save-food-494614 before or it is disabled. Enable it by visiting https://console.developers.google.com/apis/api/cloudresourcemanager.googleapis.com/overview?project=save-food-494614 then retry. If you enabled this API recently, wait a few minutes for the action to propagate to our systems and retry.","status":"PERMISSION_DENIED","details":[{"@type":"type.googleapis.com/google.rpc.ErrorInfo","reason":"SERVICE_DISABLED","domain":"googleapis.com","metadata":{"service":"cloudresourcemanager.googleapis.com","serviceTitle":"Cloud Resource Manager API","activationUrl":"https://console.developers.google.com/apis/api/cloudresourcemanager.googleapis.com/overview?project=save-food-494614","consumer":"projects/save-food-494614","containerInfo":"save-food-494614"}},{"@type":"type.googleapis.com/google.rpc.LocalizedMessage","locale":"en-US","message":"Cloud Resource Manager API has not been used in project save-food-494614 before or it is disabled. Enable it by visiting https://console.developers.google.com/apis/api/cloudresourcemanager.googleapis.com/overview?project=save-food-494614 then retry. If you enabled this API recently, wait a few minutes for the action to propagate to our systems and retry."},{"@type":"type.googleapis.com/google.rpc.Help","links":[{"description":"Google developers console API activation","url":"https://console.developers.google.com/apis/api/cloudresourcemanager.googleapis.com/overview?project=save-food-494614"}]}]}}
[debug] [2026-04-28T02:29:43.558Z] [iam] error while checking permissions, command may fail: Request to https://cloudresourcemanager.googleapis.com/v1/projects/save-food-494614:testIamPermissions had HTTP Error: 403, Cloud Resource Manager API has not been used in project save-food-494614 before or it is disabled. Enable it by visiting https://console.developers.google.com/apis/api/cloudresourcemanager.googleapis.com/overview?project=save-food-494614 then retry. If you enabled this API recently, wait a few minutes for the action to propagate to our systems and retry.
[debug] [2026-04-28T02:29:43.559Z] No OAuth tokens found
[debug] [2026-04-28T02:29:43.559Z] >>> [apiv2][query] GET https://firebase.googleapis.com/v1beta1/projects/save-food-494614 [none]
[debug] [2026-04-28T02:29:43.559Z] >>> [apiv2][(partial)header] GET https://firebase.googleapis.com/v1beta1/projects/save-food-494614  x-goog-user-project=save-food-494614
[debug] [2026-04-28T02:29:43.644Z] <<< [apiv2][status] GET https://firebase.googleapis.com/v1beta1/projects/save-food-494614 403
[debug] [2026-04-28T02:29:43.644Z] <<< [apiv2][body] GET https://firebase.googleapis.com/v1beta1/projects/save-food-494614 {"error":{"code":403,"message":"Firebase Management API has not been used in project save-food-494614 before or it is disabled. Enable it by visiting https://console.developers.google.com/apis/api/firebase.googleapis.com/overview?project=save-food-494614 then retry. If you enabled this API recently, wait a few minutes for the action to propagate to our systems and retry.","status":"PERMISSION_DENIED","details":[{"@type":"type.googleapis.com/google.rpc.ErrorInfo","reason":"SERVICE_DISABLED","domain":"googleapis.com","metadata":{"containerInfo":"save-food-494614","activationUrl":"https://console.developers.google.com/apis/api/firebase.googleapis.com/overview?project=save-food-494614","consumer":"projects/save-food-494614","service":"firebase.googleapis.com","serviceTitle":"Firebase Management API"}},{"@type":"type.googleapis.com/google.rpc.LocalizedMessage","locale":"en-US","message":"Firebase Management API has not been used in project save-food-494614 before or it is disabled. Enable it by visiting https://console.developers.google.com/apis/api/firebase.googleapis.com/overview?project=save-food-494614 then retry. If you enabled this API recently, wait a few minutes for the action to propagate to our systems and retry."},{"@type":"type.googleapis.com/google.rpc.Help","links":[{"description":"Google developers console API activation","url":"https://console.developers.google.com/apis/api/firebase.googleapis.com/overview?project=save-food-494614"}]}]}}
[debug] [2026-04-28T02:29:43.644Z] Request to https://firebase.googleapis.com/v1beta1/projects/save-food-494614 had HTTP Error: 403, Firebase Management API has not been used in project save-food-494614 before or it is disabled. Enable it by visiting https://console.developers.google.com/apis/api/firebase.googleapis.com/overview?project=save-food-494614 then retry. If you enabled this API recently, wait a few minutes for the action to propagate to our systems and retry.
[debug] [2026-04-28T02:29:43.662Z] FirebaseError: Request to https://firebase.googleapis.com/v1beta1/projects/save-food-494614 had HTTP Error: 403, Firebase Management API has not been used in project save-food-494614 before or it is disabled. Enable it by visiting https://console.developers.google.com/apis/api/firebase.googleapis.com/overview?project=save-food-494614 then retry. If you enabled this API recently, wait a few minutes for the action to propagate to our systems and retry.
    at responseToError (/home/ankitpatel11411/.npm/_npx/7750544ccf494d8b/node_modules/firebase-tools/lib/responseToError.js:53:12)
    at RetryOperation._fn (/home/ankitpatel11411/.npm/_npx/7750544ccf494d8b/node_modules/firebase-tools/lib/apiv2.js:333:77)
    at process.processTicksAndRejections (node:internal/process/task_queues:104:5)
[error] 
[error] Error: Failed to get Firebase project save-food-494614. Please make sure the project exists and your account has permission to access it.
[debug] [2026-04-28T02:30:53.194Z] ----------------------------------------------------------------------
[debug] [2026-04-28T02:30:53.198Z] Command:       /usr/local/nvm/versions/node/v24.14.1/bin/node /home/ankitpatel11411/.npm/_npx/7750544ccf494d8b/node_modules/.bin/firebase projects:addfirebase save-food-494614
[debug] [2026-04-28T02:30:53.199Z] CLI Version:   15.15.0
[debug] [2026-04-28T02:30:53.199Z] Platform:      linux
[debug] [2026-04-28T02:30:53.199Z] Node Version:  v24.14.1
[debug] [2026-04-28T02:30:53.199Z] Time:          Tue Apr 28 2026 02:30:53 GMT+0000 (Coordinated Universal Time)
[debug] [2026-04-28T02:30:53.199Z] ----------------------------------------------------------------------
[debug] 
[debug] [2026-04-28T02:30:53.476Z] > command requires scopes: ["email","openid","https://www.googleapis.com/auth/cloudplatformprojects.readonly","https://www.googleapis.com/auth/firebase","https://www.googleapis.com/auth/cloud-platform"]
[debug] [2026-04-28T02:30:53.497Z] Running auto auth
[debug] [2026-04-28T02:30:53.505Z] No OAuth tokens found
[debug] [2026-04-28T02:30:53.507Z] >>> [apiv2][query] POST https://firebase.googleapis.com/v1beta1/projects/save-food-494614:addFirebase [none]
[debug] [2026-04-28T02:30:53.507Z] >>> [apiv2][(partial)header] POST https://firebase.googleapis.com/v1beta1/projects/save-food-494614:addFirebase  x-goog-user-project=save-food-494614
[debug] [2026-04-28T02:30:53.802Z] <<< [apiv2][status] POST https://firebase.googleapis.com/v1beta1/projects/save-food-494614:addFirebase 403
[debug] [2026-04-28T02:30:53.802Z] <<< [apiv2][body] POST https://firebase.googleapis.com/v1beta1/projects/save-food-494614:addFirebase {"error":{"code":403,"message":"Firebase Management API has not been used in project save-food-494614 before or it is disabled. Enable it by visiting https://console.developers.google.com/apis/api/firebase.googleapis.com/overview?project=save-food-494614 then retry. If you enabled this API recently, wait a few minutes for the action to propagate to our systems and retry.","status":"PERMISSION_DENIED","details":[{"@type":"type.googleapis.com/google.rpc.ErrorInfo","reason":"SERVICE_DISABLED","domain":"googleapis.com","metadata":{"consumer":"projects/save-food-494614","serviceTitle":"Firebase Management API","containerInfo":"save-food-494614","activationUrl":"https://console.developers.google.com/apis/api/firebase.googleapis.com/overview?project=save-food-494614","service":"firebase.googleapis.com"}},{"@type":"type.googleapis.com/google.rpc.LocalizedMessage","locale":"en-US","message":"Firebase Management API has not been used in project save-food-494614 before or it is disabled. Enable it by visiting https://console.developers.google.com/apis/api/firebase.googleapis.com/overview?project=save-food-494614 then retry. If you enabled this API recently, wait a few minutes for the action to propagate to our systems and retry."},{"@type":"type.googleapis.com/google.rpc.Help","links":[{"description":"Google developers console API activation","url":"https://console.developers.google.com/apis/api/firebase.googleapis.com/overview?project=save-food-494614"}]}]}}
[debug] [2026-04-28T02:30:53.803Z] Request to https://firebase.googleapis.com/v1beta1/projects/save-food-494614:addFirebase had HTTP Error: 403, Firebase Management API has not been used in project save-food-494614 before or it is disabled. Enable it by visiting https://console.developers.google.com/apis/api/firebase.googleapis.com/overview?project=save-food-494614 then retry. If you enabled this API recently, wait a few minutes for the action to propagate to our systems and retry.
[debug] [2026-04-28T02:30:53.819Z] FirebaseError: Request to https://firebase.googleapis.com/v1beta1/projects/save-food-494614:addFirebase had HTTP Error: 403, Firebase Management API has not been used in project save-food-494614 before or it is disabled. Enable it by visiting https://console.developers.google.com/apis/api/firebase.googleapis.com/overview?project=save-food-494614 then retry. If you enabled this API recently, wait a few minutes for the action to propagate to our systems and retry.
    at responseToError (/home/ankitpatel11411/.npm/_npx/7750544ccf494d8b/node_modules/firebase-tools/lib/responseToError.js:53:12)
    at RetryOperation._fn (/home/ankitpatel11411/.npm/_npx/7750544ccf494d8b/node_modules/firebase-tools/lib/apiv2.js:333:77)
    at process.processTicksAndRejections (node:internal/process/task_queues:104:5)
[error] 
[error] Error: Failed to add Firebase to Google Cloud Platform project. See firebase-debug.log for more info.
